<?xml version="1.0" encoding="UTF-8"?>
<testsuite xmlns:xsi="http://www.w3.org/2001/XMLSchema-instance" xsi:noNamespaceSchemaLocation="https://maven.apache.org/surefire/maven-surefire-plugin/xsd/surefire-test-report.xsd" name="TestSuite" time="160.55" tests="57" errors="0" skipped="0" failures="12">
  <properties>
    <property name="sun.desktop" value="windows"/>
    <property name="awt.toolkit" value="sun.awt.windows.WToolkit"/>
    <property name="file.encoding.pkg" value="sun.io"/>
    <property name="java.specification.version" value="1.8"/>
    <property name="sun.cpu.isalist" value="amd64"/>
    <property name="sun.jnu.encoding" value="Cp1252"/>
    <property name="java.class.path" value="D:\MyBank-Workspace\mybank\target\test-classes;D:\MyBank-Workspace\mybank\target\classes;C:\Users\yash_shende\.m2\repository\org\testng\testng\6.14.3\testng-6.14.3.jar;C:\Users\yash_shende\.m2\repository\com\beust\jcommander\1.72\jcommander-1.72.jar;C:\Users\yash_shende\.m2\repository\org\apache-extras\beanshell\bsh\2.0b6\bsh-2.0b6.jar;C:\Users\yash_shende\.m2\repository\org\seleniumhq\selenium\selenium-java\4.0.0\selenium-java-4.0.0.jar;C:\Users\yash_shende\.m2\repository\org\seleniumhq\selenium\selenium-api\4.0.0\selenium-api-4.0.0.jar;C:\Users\yash_shende\.m2\repository\org\seleniumhq\selenium\selenium-chrome-driver\4.0.0\selenium-chrome-driver-4.0.0.jar;C:\Users\yash_shende\.m2\repository\com\google\auto\service\auto-service-annotations\1.0\auto-service-annotations-1.0.jar;C:\Users\yash_shende\.m2\repository\com\google\auto\service\auto-service\1.0\auto-service-1.0.jar;C:\Users\yash_shende\.m2\repository\com\google\auto\auto-common\1.0\auto-common-1.0.jar;C:\Users\yash_shende\.m2\repository\org\seleniumhq\selenium\selenium-chromium-driver\4.0.0\selenium-chromium-driver-4.0.0.jar;C:\Users\yash_shende\.m2\repository\org\seleniumhq\selenium\selenium-json\4.0.0\selenium-json-4.0.0.jar;C:\Users\yash_shende\.m2\repository\org\seleniumhq\selenium\selenium-devtools-v85\4.0.0\selenium-devtools-v85-4.0.0.jar;C:\Users\yash_shende\.m2\repository\org\seleniumhq\selenium\selenium-devtools-v93\4.0.0\selenium-devtools-v93-4.0.0.jar;C:\Users\yash_shende\.m2\repository\org\seleniumhq\selenium\selenium-devtools-v94\4.0.0\selenium-devtools-v94-4.0.0.jar;C:\Users\yash_shende\.m2\repository\org\seleniumhq\selenium\selenium-devtools-v95\4.0.0\selenium-devtools-v95-4.0.0.jar;C:\Users\yash_shende\.m2\repository\org\seleniumhq\selenium\selenium-edge-driver\4.0.0\selenium-edge-driver-4.0.0.jar;C:\Users\yash_shende\.m2\repository\org\seleniumhq\selenium\selenium-firefox-driver\4.0.0\selenium-firefox-driver-4.0.0.jar;C:\Users\yash_shende\.m2\repository\org\seleniumhq\selenium\selenium-firefox-xpi-driver\4.0.0\selenium-firefox-xpi-driver-4.0.0.jar;C:\Users\yash_shende\.m2\repository\org\seleniumhq\selenium\selenium-ie-driver\4.0.0\selenium-ie-driver-4.0.0.jar;C:\Users\yash_shende\.m2\repository\org\seleniumhq\selenium\selenium-opera-driver\4.0.0\selenium-opera-driver-4.0.0.jar;C:\Users\yash_shende\.m2\repository\org\seleniumhq\selenium\selenium-remote-driver\4.0.0\selenium-remote-driver-4.0.0.jar;C:\Users\yash_shende\.m2\repository\io\netty\netty-buffer\4.1.68.Final\netty-buffer-4.1.68.Final.jar;C:\Users\yash_shende\.m2\repository\io\netty\netty-codec-http\4.1.67.Final\netty-codec-http-4.1.67.Final.jar;C:\Users\yash_shende\.m2\repository\io\netty\netty-codec\4.1.67.Final\netty-codec-4.1.67.Final.jar;C:\Users\yash_shende\.m2\repository\io\netty\netty-handler\4.1.67.Final\netty-handler-4.1.67.Final.jar;C:\Users\yash_shende\.m2\repository\io\netty\netty-common\4.1.68.Final\netty-common-4.1.68.Final.jar;C:\Users\yash_shende\.m2\repository\io\netty\netty-transport-native-epoll\4.1.67.Final\netty-transport-native-epoll-4.1.67.Final.jar;C:\Users\yash_shende\.m2\repository\io\netty\netty-transport-native-kqueue\4.1.67.Final\netty-transport-native-kqueue-4.1.67.Final.jar;C:\Users\yash_shende\.m2\repository\io\netty\netty-transport-native-unix-common\4.1.67.Final\netty-transport-native-unix-common-4.1.67.Final.jar;C:\Users\yash_shende\.m2\repository\io\netty\netty-transport\4.1.68.Final\netty-transport-4.1.68.Final.jar;C:\Users\yash_shende\.m2\repository\io\netty\netty-resolver\4.1.68.Final\netty-resolver-4.1.68.Final.jar;C:\Users\yash_shende\.m2\repository\io\opentelemetry\opentelemetry-api\1.6.0\opentelemetry-api-1.6.0.jar;C:\Users\yash_shende\.m2\repository\io\opentelemetry\opentelemetry-context\1.6.0\opentelemetry-context-1.6.0.jar;C:\Users\yash_shende\.m2\repository\io\opentelemetry\opentelemetry-exporter-logging\1.6.0\opentelemetry-exporter-logging-1.6.0.jar;C:\Users\yash_shende\.m2\repository\io\opentelemetry\opentelemetry-sdk-metrics\1.6.0-alpha\opentelemetry-sdk-metrics-1.6.0-alpha.jar;C:\Users\yash_shende\.m2\repository\io\opentelemetry\opentelemetry-sdk-common\1.6.0\opentelemetry-sdk-common-1.6.0.jar;C:\Users\yash_shende\.m2\repository\io\opentelemetry\opentelemetry-sdk-extension-autoconfigure-spi\1.6.0\opentelemetry-sdk-extension-autoconfigure-spi-1.6.0.jar;C:\Users\yash_shende\.m2\repository\io\opentelemetry\opentelemetry-sdk-extension-autoconfigure\1.6.0-alpha\opentelemetry-sdk-extension-autoconfigure-1.6.0-alpha.jar;C:\Users\yash_shende\.m2\repository\io\opentelemetry\opentelemetry-sdk-trace\1.6.0\opentelemetry-sdk-trace-1.6.0.jar;C:\Users\yash_shende\.m2\repository\io\opentelemetry\opentelemetry-api-metrics\1.6.0-alpha\opentelemetry-api-metrics-1.6.0-alpha.jar;C:\Users\yash_shende\.m2\repository\io\opentelemetry\opentelemetry-sdk\1.6.0\opentelemetry-sdk-1.6.0.jar;C:\Users\yash_shende\.m2\repository\io\opentelemetry\opentelemetry-semconv\1.6.0-alpha\opentelemetry-semconv-1.6.0-alpha.jar;C:\Users\yash_shende\.m2\repository\io\ous\jtoml\2.0.0\jtoml-2.0.0.jar;C:\Users\yash_shende\.m2\repository\net\bytebuddy\byte-buddy\1.11.19\byte-buddy-1.11.19.jar;C:\Users\yash_shende\.m2\repository\org\apache\commons\commons-exec\1.3\commons-exec-1.3.jar;C:\Users\yash_shende\.m2\repository\org\asynchttpclient\async-http-client\2.12.3\async-http-client-2.12.3.jar;C:\Users\yash_shende\.m2\repository\org\asynchttpclient\async-http-client-netty-utils\2.12.3\async-http-client-netty-utils-2.12.3.jar;C:\Users\yash_shende\.m2\repository\io\netty\netty-codec-socks\4.1.60.Final\netty-codec-socks-4.1.60.Final.jar;C:\Users\yash_shende\.m2\repository\io\netty\netty-handler-proxy\4.1.60.Final\netty-handler-proxy-4.1.60.Final.jar;C:\Users\yash_shende\.m2\repository\io\netty\netty-transport-native-epoll\4.1.60.Final\netty-transport-native-epoll-4.1.60.Final-linux-x86_64.jar;C:\Users\yash_shende\.m2\repository\io\netty\netty-transport-native-kqueue\4.1.60.Final\netty-transport-native-kqueue-4.1.60.Final-osx-x86_64.jar;C:\Users\yash_shende\.m2\repository\org\reactivestreams\reactive-streams\1.0.3\reactive-streams-1.0.3.jar;C:\Users\yash_shende\.m2\repository\com\typesafe\netty\netty-reactive-streams\2.0.4\netty-reactive-streams-2.0.4.jar;C:\Users\yash_shende\.m2\repository\com\sun\activation\jakarta.activation\1.2.2\jakarta.activation-1.2.2.jar;C:\Users\yash_shende\.m2\repository\org\seleniumhq\selenium\selenium-http\4.0.0\selenium-http-4.0.0.jar;C:\Users\yash_shende\.m2\repository\org\seleniumhq\selenium\selenium-safari-driver\4.0.0\selenium-safari-driver-4.0.0.jar;C:\Users\yash_shende\.m2\repository\org\seleniumhq\selenium\selenium-support\4.0.0\selenium-support-4.0.0.jar;C:\Users\yash_shende\.m2\repository\io\github\bonigarcia\webdrivermanager\5.0.3\webdrivermanager-5.0.3.jar;C:\Users\yash_shende\.m2\repository\org\slf4j\slf4j-api\1.7.32\slf4j-api-1.7.32.jar;C:\Users\yash_shende\.m2\repository\com\google\code\gson\gson\2.8.8\gson-2.8.8.jar;C:\Users\yash_shende\.m2\repository\org\jsoup\jsoup\1.14.2\jsoup-1.14.2.jar;C:\Users\yash_shende\.m2\repository\com\github\docker-java\docker-java\3.2.12\docker-java-3.2.12.jar;C:\Users\yash_shende\.m2\repository\com\github\docker-java\docker-java-core\3.2.12\docker-java-core-3.2.12.jar;C:\Users\yash_shende\.m2\repository\com\github\docker-java\docker-java-api\3.2.12\docker-java-api-3.2.12.jar;C:\Users\yash_shende\.m2\repository\com\fasterxml\jackson\core\jackson-annotations\2.10.3\jackson-annotations-2.10.3.jar;C:\Users\yash_shende\.m2\repository\commons-io\commons-io\2.6\commons-io-2.6.jar;C:\Users\yash_shende\.m2\repository\commons-lang\commons-lang\2.6\commons-lang-2.6.jar;C:\Users\yash_shende\.m2\repository\com\fasterxml\jackson\core\jackson-databind\2.10.3\jackson-databind-2.10.3.jar;C:\Users\yash_shende\.m2\repository\com\fasterxml\jackson\core\jackson-core\2.10.3\jackson-core-2.10.3.jar;C:\Users\yash_shende\.m2\repository\org\bouncycastle\bcpkix-jdk15on\1.64\bcpkix-jdk15on-1.64.jar;C:\Users\yash_shende\.m2\repository\org\bouncycastle\bcprov-jdk15on\1.64\bcprov-jdk15on-1.64.jar;C:\Users\yash_shende\.m2\repository\org\slf4j\jcl-over-slf4j\1.7.30\jcl-over-slf4j-1.7.30.jar;C:\Users\yash_shende\.m2\repository\com\github\docker-java\docker-java-transport-httpclient5\3.2.12\docker-java-transport-httpclient5-3.2.12.jar;C:\Users\yash_shende\.m2\repository\com\github\docker-java\docker-java-transport\3.2.12\docker-java-transport-3.2.12.jar;C:\Users\yash_shende\.m2\repository\org\apache\httpcomponents\client5\httpclient5\5.0.3\httpclient5-5.0.3.jar;C:\Users\yash_shende\.m2\repository\org\apache\httpcomponents\core5\httpcore5\5.0.2\httpcore5-5.0.2.jar;C:\Users\yash_shende\.m2\repository\net\java\dev\jna\jna\5.8.0\jna-5.8.0.jar;C:\Users\yash_shende\.m2\repository\com\google\guava\guava\30.1.1-jre\guava-30.1.1-jre.jar;C:\Users\yash_shende\.m2\repository\com\google\guava\failureaccess\1.0.1\failureaccess-1.0.1.jar;C:\Users\yash_shende\.m2\repository\com\google\guava\listenablefuture\9999.0-empty-to-avoid-conflict-with-guava\listenablefuture-9999.0-empty-to-avoid-conflict-with-guava.jar;C:\Users\yash_shende\.m2\repository\com\google\code\findbugs\jsr305\3.0.2\jsr305-3.0.2.jar;C:\Users\yash_shende\.m2\repository\org\checkerframework\checker-qual\3.8.0\checker-qual-3.8.0.jar;C:\Users\yash_shende\.m2\repository\com\google\errorprone\error_prone_annotations\2.5.1\error_prone_annotations-2.5.1.jar;C:\Users\yash_shende\.m2\repository\com\google\j2objc\j2objc-annotations\1.3\j2objc-annotations-1.3.jar;C:\Users\yash_shende\.m2\repository\org\brotli\dec\0.1.2\dec-0.1.2.jar;C:\Users\yash_shende\.m2\repository\log4j\log4j\1.2.17\log4j-1.2.17.jar;C:\Users\yash_shende\.m2\repository\com\aventstack\extentreports\3.1.5\extentreports-3.1.5.jar;C:\Users\yash_shende\.m2\repository\org\freemarker\freemarker\2.3.23\freemarker-2.3.23.jar;C:\Users\yash_shende\.m2\repository\org\mongodb\mongodb-driver\3.3.0\mongodb-driver-3.3.0.jar;C:\Users\yash_shende\.m2\repository\org\mongodb\bson\3.3.0\bson-3.3.0.jar;C:\Users\yash_shende\.m2\repository\org\mongodb\mongodb-driver-core\3.3.0\mongodb-driver-core-3.3.0.jar;C:\Users\yash_shende\.m2\repository\org\apache\httpcomponents\httpclient\4.5.2\httpclient-4.5.2.jar;C:\Users\yash_shende\.m2\repository\org\apache\httpcomponents\httpcore\4.4.4\httpcore-4.4.4.jar;C:\Users\yash_shende\.m2\repository\commons-logging\commons-logging\1.2\commons-logging-1.2.jar;C:\Users\yash_shende\.m2\repository\org\apache\httpcomponents\httpmime\4.5.2\httpmime-4.5.2.jar;C:\Users\yash_shende\.m2\repository\com\opencsv\opencsv\4.1\opencsv-4.1.jar;C:\Users\yash_shende\.m2\repository\org\apache\commons\commons-text\1.1\commons-text-1.1.jar;C:\Users\yash_shende\.m2\repository\commons-beanutils\commons-beanutils\1.9.3\commons-beanutils-1.9.3.jar;C:\Users\yash_shende\.m2\repository\commons-collections\commons-collections\3.2.2\commons-collections-3.2.2.jar;C:\Users\yash_shende\.m2\repository\org\apache\commons\commons-lang3\3.11\commons-lang3-3.11.jar;C:\Users\yash_shende\.m2\repository\org\apache\poi\poi\4.1.0\poi-4.1.0.jar;C:\Users\yash_shende\.m2\repository\commons-codec\commons-codec\1.12\commons-codec-1.12.jar;C:\Users\yash_shende\.m2\repository\org\apache\commons\commons-collections4\4.3\commons-collections4-4.3.jar;C:\Users\yash_shende\.m2\repository\org\apache\commons\commons-math3\3.6.1\commons-math3-3.6.1.jar;C:\Users\yash_shende\.m2\repository\org\apache\poi\poi-ooxml\4.1.0\poi-ooxml-4.1.0.jar;C:\Users\yash_shende\.m2\repository\org\apache\poi\poi-ooxml-schemas\4.1.0\poi-ooxml-schemas-4.1.0.jar;C:\Users\yash_shende\.m2\repository\org\apache\xmlbeans\xmlbeans\3.1.0\xmlbeans-3.1.0.jar;C:\Users\yash_shende\.m2\repository\org\apache\commons\commons-compress\1.18\commons-compress-1.18.jar;C:\Users\yash_shende\.m2\repository\com\github\virtuald\curvesapi\1.06\curvesapi-1.06.jar;C:\Users\yash_shende\.m2\repository\com\sun\xml\security\xml-security-impl\1.0\xml-security-impl-1.0.jar;C:\Users\yash_shende\.m2\repository\org\apache\maven\surefire\surefire-testng-utils\2.20.1\surefire-testng-utils-2.20.1.jar;C:\Users\yash_shende\.m2\repository\org\apache\maven\surefire\surefire-grouper\2.20.1\surefire-grouper-2.20.1.jar;"/>
    <property name="java.vm.vendor" value="Oracle Corporation"/>
    <property name="sun.arch.data.model" value="64"/>
    <property name="user.variant" value=""/>
    <property name="java.vendor.url" value="http://java.oracle.com/"/>
    <property name="user.timezone" value=""/>
    <property name="java.vm.specification.version" value="1.8"/>
    <property name="os.name" value="Windows 10"/>
    <property name="user.country" value="US"/>
    <property name="sun.java.launcher" value="SUN_STANDARD"/>
    <property name="sun.boot.library.path" value="C:\Program Files\Java\jdk1.8.0_92\jre\bin"/>
    <property name="sun.java.command" value="C:\Users\YASH_S~1\AppData\Local\Temp\surefire5410824334484726645\surefirebooter4346869903720396602.jar C:\Users\yash_shende\AppData\Local\Temp\surefire5410824334484726645 2021-12-15T15-08-50_767-jvmRun1 surefire686947502683729849tmp surefire_06101269495349527359tmp"/>
    <property name="surefire.test.class.path" value="D:\MyBank-Workspace\mybank\target\test-classes;D:\MyBank-Workspace\mybank\target\classes;C:\Users\yash_shende\.m2\repository\org\testng\testng\6.14.3\testng-6.14.3.jar;C:\Users\yash_shende\.m2\repository\com\beust\jcommander\1.72\jcommander-1.72.jar;C:\Users\yash_shende\.m2\repository\org\apache-extras\beanshell\bsh\2.0b6\bsh-2.0b6.jar;C:\Users\yash_shende\.m2\repository\org\seleniumhq\selenium\selenium-java\4.0.0\selenium-java-4.0.0.jar;C:\Users\yash_shende\.m2\repository\org\seleniumhq\selenium\selenium-api\4.0.0\selenium-api-4.0.0.jar;C:\Users\yash_shende\.m2\repository\org\seleniumhq\selenium\selenium-chrome-driver\4.0.0\selenium-chrome-driver-4.0.0.jar;C:\Users\yash_shende\.m2\repository\com\google\auto\service\auto-service-annotations\1.0\auto-service-annotations-1.0.jar;C:\Users\yash_shende\.m2\repository\com\google\auto\service\auto-service\1.0\auto-service-1.0.jar;C:\Users\yash_shende\.m2\repository\com\google\auto\auto-common\1.0\auto-common-1.0.jar;C:\Users\yash_shende\.m2\repository\org\seleniumhq\selenium\selenium-chromium-driver\4.0.0\selenium-chromium-driver-4.0.0.jar;C:\Users\yash_shende\.m2\repository\org\seleniumhq\selenium\selenium-json\4.0.0\selenium-json-4.0.0.jar;C:\Users\yash_shende\.m2\repository\org\seleniumhq\selenium\selenium-devtools-v85\4.0.0\selenium-devtools-v85-4.0.0.jar;C:\Users\yash_shende\.m2\repository\org\seleniumhq\selenium\selenium-devtools-v93\4.0.0\selenium-devtools-v93-4.0.0.jar;C:\Users\yash_shende\.m2\repository\org\seleniumhq\selenium\selenium-devtools-v94\4.0.0\selenium-devtools-v94-4.0.0.jar;C:\Users\yash_shende\.m2\repository\org\seleniumhq\selenium\selenium-devtools-v95\4.0.0\selenium-devtools-v95-4.0.0.jar;C:\Users\yash_shende\.m2\repository\org\seleniumhq\selenium\selenium-edge-driver\4.0.0\selenium-edge-driver-4.0.0.jar;C:\Users\yash_shende\.m2\repository\org\seleniumhq\selenium\selenium-firefox-driver\4.0.0\selenium-firefox-driver-4.0.0.jar;C:\Users\yash_shende\.m2\repository\org\seleniumhq\selenium\selenium-firefox-xpi-driver\4.0.0\selenium-firefox-xpi-driver-4.0.0.jar;C:\Users\yash_shende\.m2\repository\org\seleniumhq\selenium\selenium-ie-driver\4.0.0\selenium-ie-driver-4.0.0.jar;C:\Users\yash_shende\.m2\repository\org\seleniumhq\selenium\selenium-opera-driver\4.0.0\selenium-opera-driver-4.0.0.jar;C:\Users\yash_shende\.m2\repository\org\seleniumhq\selenium\selenium-remote-driver\4.0.0\selenium-remote-driver-4.0.0.jar;C:\Users\yash_shende\.m2\repository\io\netty\netty-buffer\4.1.68.Final\netty-buffer-4.1.68.Final.jar;C:\Users\yash_shende\.m2\repository\io\netty\netty-codec-http\4.1.67.Final\netty-codec-http-4.1.67.Final.jar;C:\Users\yash_shende\.m2\repository\io\netty\netty-codec\4.1.67.Final\netty-codec-4.1.67.Final.jar;C:\Users\yash_shende\.m2\repository\io\netty\netty-handler\4.1.67.Final\netty-handler-4.1.67.Final.jar;C:\Users\yash_shende\.m2\repository\io\netty\netty-common\4.1.68.Final\netty-common-4.1.68.Final.jar;C:\Users\yash_shende\.m2\repository\io\netty\netty-transport-native-epoll\4.1.67.Final\netty-transport-native-epoll-4.1.67.Final.jar;C:\Users\yash_shende\.m2\repository\io\netty\netty-transport-native-kqueue\4.1.67.Final\netty-transport-native-kqueue-4.1.67.Final.jar;C:\Users\yash_shende\.m2\repository\io\netty\netty-transport-native-unix-common\4.1.67.Final\netty-transport-native-unix-common-4.1.67.Final.jar;C:\Users\yash_shende\.m2\repository\io\netty\netty-transport\4.1.68.Final\netty-transport-4.1.68.Final.jar;C:\Users\yash_shende\.m2\repository\io\netty\netty-resolver\4.1.68.Final\netty-resolver-4.1.68.Final.jar;C:\Users\yash_shende\.m2\repository\io\opentelemetry\opentelemetry-api\1.6.0\opentelemetry-api-1.6.0.jar;C:\Users\yash_shende\.m2\repository\io\opentelemetry\opentelemetry-context\1.6.0\opentelemetry-context-1.6.0.jar;C:\Users\yash_shende\.m2\repository\io\opentelemetry\opentelemetry-exporter-logging\1.6.0\opentelemetry-exporter-logging-1.6.0.jar;C:\Users\yash_shende\.m2\repository\io\opentelemetry\opentelemetry-sdk-metrics\1.6.0-alpha\opentelemetry-sdk-metrics-1.6.0-alpha.jar;C:\Users\yash_shende\.m2\repository\io\opentelemetry\opentelemetry-sdk-common\1.6.0\opentelemetry-sdk-common-1.6.0.jar;C:\Users\yash_shende\.m2\repository\io\opentelemetry\opentelemetry-sdk-extension-autoconfigure-spi\1.6.0\opentelemetry-sdk-extension-autoconfigure-spi-1.6.0.jar;C:\Users\yash_shende\.m2\repository\io\opentelemetry\opentelemetry-sdk-extension-autoconfigure\1.6.0-alpha\opentelemetry-sdk-extension-autoconfigure-1.6.0-alpha.jar;C:\Users\yash_shende\.m2\repository\io\opentelemetry\opentelemetry-sdk-trace\1.6.0\opentelemetry-sdk-trace-1.6.0.jar;C:\Users\yash_shende\.m2\repository\io\opentelemetry\opentelemetry-api-metrics\1.6.0-alpha\opentelemetry-api-metrics-1.6.0-alpha.jar;C:\Users\yash_shende\.m2\repository\io\opentelemetry\opentelemetry-sdk\1.6.0\opentelemetry-sdk-1.6.0.jar;C:\Users\yash_shende\.m2\repository\io\opentelemetry\opentelemetry-semconv\1.6.0-alpha\opentelemetry-semconv-1.6.0-alpha.jar;C:\Users\yash_shende\.m2\repository\io\ous\jtoml\2.0.0\jtoml-2.0.0.jar;C:\Users\yash_shende\.m2\repository\net\bytebuddy\byte-buddy\1.11.19\byte-buddy-1.11.19.jar;C:\Users\yash_shende\.m2\repository\org\apache\commons\commons-exec\1.3\commons-exec-1.3.jar;C:\Users\yash_shende\.m2\repository\org\asynchttpclient\async-http-client\2.12.3\async-http-client-2.12.3.jar;C:\Users\yash_shende\.m2\repository\org\asynchttpclient\async-http-client-netty-utils\2.12.3\async-http-client-netty-utils-2.12.3.jar;C:\Users\yash_shende\.m2\repository\io\netty\netty-codec-socks\4.1.60.Final\netty-codec-socks-4.1.60.Final.jar;C:\Users\yash_shende\.m2\repository\io\netty\netty-handler-proxy\4.1.60.Final\netty-handler-proxy-4.1.60.Final.jar;C:\Users\yash_shende\.m2\repository\io\netty\netty-transport-native-epoll\4.1.60.Final\netty-transport-native-epoll-4.1.60.Final-linux-x86_64.jar;C:\Users\yash_shende\.m2\repository\io\netty\netty-transport-native-kqueue\4.1.60.Final\netty-transport-native-kqueue-4.1.60.Final-osx-x86_64.jar;C:\Users\yash_shende\.m2\repository\org\reactivestreams\reactive-streams\1.0.3\reactive-streams-1.0.3.jar;C:\Users\yash_shende\.m2\repository\com\typesafe\netty\netty-reactive-streams\2.0.4\netty-reactive-streams-2.0.4.jar;C:\Users\yash_shende\.m2\repository\com\sun\activation\jakarta.activation\1.2.2\jakarta.activation-1.2.2.jar;C:\Users\yash_shende\.m2\repository\org\seleniumhq\selenium\selenium-http\4.0.0\selenium-http-4.0.0.jar;C:\Users\yash_shende\.m2\repository\org\seleniumhq\selenium\selenium-safari-driver\4.0.0\selenium-safari-driver-4.0.0.jar;C:\Users\yash_shende\.m2\repository\org\seleniumhq\selenium\selenium-support\4.0.0\selenium-support-4.0.0.jar;C:\Users\yash_shende\.m2\repository\io\github\bonigarcia\webdrivermanager\5.0.3\webdrivermanager-5.0.3.jar;C:\Users\yash_shende\.m2\repository\org\slf4j\slf4j-api\1.7.32\slf4j-api-1.7.32.jar;C:\Users\yash_shende\.m2\repository\com\google\code\gson\gson\2.8.8\gson-2.8.8.jar;C:\Users\yash_shende\.m2\repository\org\jsoup\jsoup\1.14.2\jsoup-1.14.2.jar;C:\Users\yash_shende\.m2\repository\com\github\docker-java\docker-java\3.2.12\docker-java-3.2.12.jar;C:\Users\yash_shende\.m2\repository\com\github\docker-java\docker-java-core\3.2.12\docker-java-core-3.2.12.jar;C:\Users\yash_shende\.m2\repository\com\github\docker-java\docker-java-api\3.2.12\docker-java-api-3.2.12.jar;C:\Users\yash_shende\.m2\repository\com\fasterxml\jackson\core\jackson-annotations\2.10.3\jackson-annotations-2.10.3.jar;C:\Users\yash_shende\.m2\repository\commons-io\commons-io\2.6\commons-io-2.6.jar;C:\Users\yash_shende\.m2\repository\commons-lang\commons-lang\2.6\commons-lang-2.6.jar;C:\Users\yash_shende\.m2\repository\com\fasterxml\jackson\core\jackson-databind\2.10.3\jackson-databind-2.10.3.jar;C:\Users\yash_shende\.m2\repository\com\fasterxml\jackson\core\jackson-core\2.10.3\jackson-core-2.10.3.jar;C:\Users\yash_shende\.m2\repository\org\bouncycastle\bcpkix-jdk15on\1.64\bcpkix-jdk15on-1.64.jar;C:\Users\yash_shende\.m2\repository\org\bouncycastle\bcprov-jdk15on\1.64\bcprov-jdk15on-1.64.jar;C:\Users\yash_shende\.m2\repository\org\slf4j\jcl-over-slf4j\1.7.30\jcl-over-slf4j-1.7.30.jar;C:\Users\yash_shende\.m2\repository\com\github\docker-java\docker-java-transport-httpclient5\3.2.12\docker-java-transport-httpclient5-3.2.12.jar;C:\Users\yash_shende\.m2\repository\com\github\docker-java\docker-java-transport\3.2.12\docker-java-transport-3.2.12.jar;C:\Users\yash_shende\.m2\repository\org\apache\httpcomponents\client5\httpclient5\5.0.3\httpclient5-5.0.3.jar;C:\Users\yash_shende\.m2\repository\org\apache\httpcomponents\core5\httpcore5\5.0.2\httpcore5-5.0.2.jar;C:\Users\yash_shende\.m2\repository\net\java\dev\jna\jna\5.8.0\jna-5.8.0.jar;C:\Users\yash_shende\.m2\repository\com\google\guava\guava\30.1.1-jre\guava-30.1.1-jre.jar;C:\Users\yash_shende\.m2\repository\com\google\guava\failureaccess\1.0.1\failureaccess-1.0.1.jar;C:\Users\yash_shende\.m2\repository\com\google\guava\listenablefuture\9999.0-empty-to-avoid-conflict-with-guava\listenablefuture-9999.0-empty-to-avoid-conflict-with-guava.jar;C:\Users\yash_shende\.m2\repository\com\google\code\findbugs\jsr305\3.0.2\jsr305-3.0.2.jar;C:\Users\yash_shende\.m2\repository\org\checkerframework\checker-qual\3.8.0\checker-qual-3.8.0.jar;C:\Users\yash_shende\.m2\repository\com\google\errorprone\error_prone_annotations\2.5.1\error_prone_annotations-2.5.1.jar;C:\Users\yash_shende\.m2\repository\com\google\j2objc\j2objc-annotations\1.3\j2objc-annotations-1.3.jar;C:\Users\yash_shende\.m2\repository\org\brotli\dec\0.1.2\dec-0.1.2.jar;C:\Users\yash_shende\.m2\repository\log4j\log4j\1.2.17\log4j-1.2.17.jar;C:\Users\yash_shende\.m2\repository\com\aventstack\extentreports\3.1.5\extentreports-3.1.5.jar;C:\Users\yash_shende\.m2\repository\org\freemarker\freemarker\2.3.23\freemarker-2.3.23.jar;C:\Users\yash_shende\.m2\repository\org\mongodb\mongodb-driver\3.3.0\mongodb-driver-3.3.0.jar;C:\Users\yash_shende\.m2\repository\org\mongodb\bson\3.3.0\bson-3.3.0.jar;C:\Users\yash_shende\.m2\repository\org\mongodb\mongodb-driver-core\3.3.0\mongodb-driver-core-3.3.0.jar;C:\Users\yash_shende\.m2\repository\org\apache\httpcomponents\httpclient\4.5.2\httpclient-4.5.2.jar;C:\Users\yash_shende\.m2\repository\org\apache\httpcomponents\httpcore\4.4.4\httpcore-4.4.4.jar;C:\Users\yash_shende\.m2\repository\commons-logging\commons-logging\1.2\commons-logging-1.2.jar;C:\Users\yash_shende\.m2\repository\org\apache\httpcomponents\httpmime\4.5.2\httpmime-4.5.2.jar;C:\Users\yash_shende\.m2\repository\com\opencsv\opencsv\4.1\opencsv-4.1.jar;C:\Users\yash_shende\.m2\repository\org\apache\commons\commons-text\1.1\commons-text-1.1.jar;C:\Users\yash_shende\.m2\repository\commons-beanutils\commons-beanutils\1.9.3\commons-beanutils-1.9.3.jar;C:\Users\yash_shende\.m2\repository\commons-collections\commons-collections\3.2.2\commons-collections-3.2.2.jar;C:\Users\yash_shende\.m2\repository\org\apache\commons\commons-lang3\3.11\commons-lang3-3.11.jar;C:\Users\yash_shende\.m2\repository\org\apache\poi\poi\4.1.0\poi-4.1.0.jar;C:\Users\yash_shende\.m2\repository\commons-codec\commons-codec\1.12\commons-codec-1.12.jar;C:\Users\yash_shende\.m2\repository\org\apache\commons\commons-collections4\4.3\commons-collections4-4.3.jar;C:\Users\yash_shende\.m2\repository\org\apache\commons\commons-math3\3.6.1\commons-math3-3.6.1.jar;C:\Users\yash_shende\.m2\repository\org\apache\poi\poi-ooxml\4.1.0\poi-ooxml-4.1.0.jar;C:\Users\yash_shende\.m2\repository\org\apache\poi\poi-ooxml-schemas\4.1.0\poi-ooxml-schemas-4.1.0.jar;C:\Users\yash_shende\.m2\repository\org\apache\xmlbeans\xmlbeans\3.1.0\xmlbeans-3.1.0.jar;C:\Users\yash_shende\.m2\repository\org\apache\commons\commons-compress\1.18\commons-compress-1.18.jar;C:\Users\yash_shende\.m2\repository\com\github\virtuald\curvesapi\1.06\curvesapi-1.06.jar;C:\Users\yash_shende\.m2\repository\com\sun\xml\security\xml-security-impl\1.0\xml-security-impl-1.0.jar;C:\Users\yash_shende\.m2\repository\org\apache\maven\surefire\surefire-testng-utils\2.20.1\surefire-testng-utils-2.20.1.jar;C:\Users\yash_shende\.m2\repository\org\apache\maven\surefire\surefire-grouper\2.20.1\surefire-grouper-2.20.1.jar;"/>
    <property name="sun.cpu.endian" value="little"/>
    <property name="user.home" value="C:\Users\yash_shende"/>
    <property name="user.language" value="en"/>
    <property name="java.specification.vendor" value="Oracle Corporation"/>
    <property name="java.home" value="C:\Program Files\Java\jdk1.8.0_92\jre"/>
    <property name="basedir" value="D:\MyBank-Workspace\mybank"/>
    <property name="file.separator" value="\"/>
    <property name="line.separator" value="&#10;"/>
    <property name="java.vm.specification.vendor" value="Oracle Corporation"/>
    <property name="java.specification.name" value="Java Platform API Specification"/>
    <property name="java.awt.graphicsenv" value="sun.awt.Win32GraphicsEnvironment"/>
    <property name="surefire.real.class.path" value="C:\Users\YASH_S~1\AppData\Local\Temp\surefire5410824334484726645\surefirebooter4346869903720396602.jar"/>
    <property name="sun.boot.class.path" value="C:\Program Files\Java\jdk1.8.0_92\jre\lib\resources.jar;C:\Program Files\Java\jdk1.8.0_92\jre\lib\rt.jar;C:\Program Files\Java\jdk1.8.0_92\jre\lib\sunrsasign.jar;C:\Program Files\Java\jdk1.8.0_92\jre\lib\jsse.jar;C:\Program Files\Java\jdk1.8.0_92\jre\lib\jce.jar;C:\Program Files\Java\jdk1.8.0_92\jre\lib\charsets.jar;C:\Program Files\Java\jdk1.8.0_92\jre\lib\jfr.jar;C:\Program Files\Java\jdk1.8.0_92\jre\classes"/>
    <property name="user.script" value=""/>
    <property name="sun.management.compiler" value="HotSpot 64-Bit Tiered Compilers"/>
    <property name="java.runtime.version" value="1.8.0_92-b14"/>
    <property name="user.name" value="yash_shende"/>
    <property name="path.separator" value=";"/>
    <property name="os.version" value="10.0"/>
    <property name="java.endorsed.dirs" value="C:\Program Files\Java\jdk1.8.0_92\jre\lib\endorsed"/>
    <property name="java.runtime.name" value="Java(TM) SE Runtime Environment"/>
    <property name="file.encoding" value="Cp1252"/>
    <property name="java.vm.name" value="Java HotSpot(TM) 64-Bit Server VM"/>
    <property name="localRepository" value="C:\Users\yash_shende\.m2\repository"/>
    <property name="java.vendor.url.bug" value="http://bugreport.sun.com/bugreport/"/>
    <property name="java.io.tmpdir" value="C:\Users\YASH_S~1\AppData\Local\Temp\"/>
    <property name="java.version" value="1.8.0_92"/>
    <property name="user.dir" value="D:\MyBank-Workspace\mybank"/>
    <property name="os.arch" value="amd64"/>
    <property name="java.vm.specification.name" value="Java Virtual Machine Specification"/>
    <property name="java.awt.printerjob" value="sun.awt.windows.WPrinterJob"/>
    <property name="sun.os.patch.level" value=""/>
    <property name="java.library.path" value="C:\Program Files\Java\jdk1.8.0_92\jre\bin;C:\WINDOWS\Sun\Java\bin;C:\WINDOWS\system32;C:\WINDOWS;C:/Program Files/Java/jre1.8.0_92/bin/server;C:/Program Files/Java/jre1.8.0_92/bin;C:/Program Files/Java/jre1.8.0_92/lib/amd64;C:\ProgramData\Oracle\Java\javapath;C:\WINDOWS\system32;C:\WINDOWS;C:\WINDOWS\System32\Wbem;C:\WINDOWS\System32\WindowsPowerShell\v1.0\;C:\WINDOWS\System32\OpenSSH\;C:\Program Files\Git\cmd;C:\Program Files\TortoiseGit\bin;C:\Program Files\nodejs\;C:\Program Files (x86)\Brackets\command;C:\Users\yash_shende\AppData\Local\Programs\Python\Python39\Scripts\;C:\Users\yash_shende\AppData\Local\Programs\Python\Python39\;C:\Users\yash_shende\AppData\Local\Microsoft\WindowsApps;C:\Users\yash_shende\AppData\Local\Programs\Microsoft VS Code\bin;C:\Users\yash_shende\AppData\Roaming\npm;C:\Program Files\Java\jdk1.8.0_92;D:\apache-maven-3.8.2-bin\apache-maven-3.8.2\bin;;D:\eclipse-jee-oxygen-3a-win32-x86_64\eclipse;;."/>
    <property name="java.vm.info" value="mixed mode"/>
    <property name="java.vendor" value="Oracle Corporation"/>
    <property name="java.vm.version" value="25.92-b14"/>
    <property name="java.ext.dirs" value="C:\Program Files\Java\jdk1.8.0_92\jre\lib\ext;C:\WINDOWS\Sun\Java\lib\ext"/>
    <property name="sun.io.unicode.encoding" value="UnicodeLittle"/>
    <property name="java.class.version" value="52.0"/>
  </properties>
  <testcase name="adminLoginTest" classname="mybank.testcases.AdminPageDDTest" time="0.986"/>
  <testcase name="adminLoginTest" classname="mybank.testcases.AdminPageDDTest" time="0.28">
    <failure message="expected [true] but found [false]" type="java.lang.AssertionError">java.lang.AssertionError: expected [true] but found [false]
	at mybank.testcases.AdminPageDDTest.adminLoginTest(AdminPageDDTest.java:48)
</failure>
    <system-out><![CDATA[Login Failed
ERROR [main] (Utilities.java:92)- Error occured with assert statement !
Admin Login Failed! !!
]]></system-out>
  </testcase>
  <testcase name="registeredUserPageAvabilityTest" classname="mybank.testcases.AdminRegisteredUsersPageTest" time="1.533"/>
  <testcase name="approveMoneyToUserAccountPageAvabilityTest" classname="mybank.testcases.ApproveMoneyToUserAccountPageTest" time="1.396"/>
  <testcase name="approveWithdrawalOfMoneyPageAvabilityTest" classname="mybank.testcases.ApproveWithdrawalOfMoneyPageTest" time="1.216"/>
  <testcase name="adminATMReqPageTest" classname="mybank.testcases.AdminAtmCardReqPageTest" time="1.349"/>
  <testcase name="LoginTest" classname="mybank.testcases.UserLoginPageTest" time="1.222"/>
  <testcase name="requestAtmPageAvabilityTest" classname="mybank.testcases.RequestAtmPageTest" time="1.308"/>
  <testcase name="addMoneyPageAvabilityTest" classname="mybank.testcases.AddMoneyPageTest" time="1.4"/>
  <testcase name="test2" classname="mybank.testcases.AddMoneyPageTest" time="0.308"/>
  <testcase name="test3" classname="mybank.testcases.AddMoneyPageTest" time="0.244"/>
  <testcase name="test4" classname="mybank.testcases.AddMoneyPageTest" time="0.219"/>
  <testcase name="addBeneficiaryTest" classname="mybank.testcases.AddBeneficiaryPageTest" time="10.38"/>
  <testcase name="invalidCredentialsTest" classname="mybank.testcases.AddBeneficiaryPageTest" time="0.737"/>
  <testcase name="userLoginTestWithcorrectData" classname="mybank.testcases.DDUserLoginPageTest" time="1.161"/>
  <testcase name="userLoginTestWithcorrectData" classname="mybank.testcases.DDUserLoginPageTest" time="0.442"/>
  <testcase name="userLoginTestWithcorrectData" classname="mybank.testcases.DDUserLoginPageTest" time="0.417"/>
  <testcase name="userLoginTestWithcorrectData" classname="mybank.testcases.DDUserLoginPageTest" time="0.495"/>
  <testcase name="userLoginTestWithcorrectData" classname="mybank.testcases.DDUserLoginPageTest" time="0.478"/>
  <testcase name="userLoginTestWithcorrectData" classname="mybank.testcases.DDUserLoginPageTest" time="0.556"/>
  <testcase name="userLoginTestWithcorrectData" classname="mybank.testcases.DDUserLoginPageTest" time="0.419"/>
  <testcase name="userLoginTestWithcorrectData" classname="mybank.testcases.DDUserLoginPageTest" time="0.398"/>
  <testcase name="userLoginTestWithcWrongData" classname="mybank.testcases.DDUserLoginPageTest" time="0.449">
    <failure message="expected [true] but found [false]" type="java.lang.AssertionError">java.lang.AssertionError: expected [true] but found [false]
	at mybank.testcases.DDUserLoginPageTest.userLoginTestWithcWrongData(DDUserLoginPageTest.java:72)
</failure>
    <system-out><![CDATA[Login Failed
ERROR [main] (Utilities.java:67)- Login Failed, invalid credientials or Your account could be blocked 
Admin Login Failed! !!
]]></system-out>
  </testcase>
  <testcase name="userLoginTestWithcWrongEmail" classname="mybank.testcases.DDUserLoginPageTest" time="0.368">
    <failure message="expected [true] but found [false]" type="java.lang.AssertionError">java.lang.AssertionError: expected [true] but found [false]
	at mybank.testcases.DDUserLoginPageTest.userLoginTestWithcWrongEmail(DDUserLoginPageTest.java:89)
</failure>
    <system-out><![CDATA[inside falure above ss
inside falure below ss = D:\MyBank-Workspace\mybank\screenshot\Wed-Dec-15-15-10-11-IST-2021.png
Login Failed
ERROR [main] (Utilities.java:67)- Login Failed, invalid credientials or Your account could be blocked 
Admin Login Failed! !!
]]></system-out>
  </testcase>
  <testcase name="userLoginTestWithcWrongEmail" classname="mybank.testcases.DDUserLoginPageTest" time="0.345">
    <failure message="expected [true] but found [false]" type="java.lang.AssertionError">java.lang.AssertionError: expected [true] but found [false]
	at mybank.testcases.DDUserLoginPageTest.userLoginTestWithcWrongEmail(DDUserLoginPageTest.java:89)
</failure>
    <system-out><![CDATA[inside falure above ss
inside falure below ss = D:\MyBank-Workspace\mybank\screenshot\Wed-Dec-15-15-10-12-IST-2021.png
Login Failed
ERROR [main] (Utilities.java:67)- Login Failed, invalid credientials or Your account could be blocked 
Admin Login Failed! !!
]]></system-out>
  </testcase>
  <testcase name="userLoginTestWithcWrongPass" classname="mybank.testcases.DDUserLoginPageTest" time="0.404">
    <failure message="expected [true] but found [false]" type="java.lang.AssertionError">java.lang.AssertionError: expected [true] but found [false]
	at mybank.testcases.DDUserLoginPageTest.userLoginTestWithcWrongPass(DDUserLoginPageTest.java:106)
</failure>
    <system-out><![CDATA[inside falure above ss
inside falure below ss = D:\MyBank-Workspace\mybank\screenshot\Wed-Dec-15-15-10-13-IST-2021.png
Login Failed
ERROR [main] (Utilities.java:67)- Login Failed, invalid credientials or Your account could be blocked 
Admin Login Failed! !!
]]></system-out>
  </testcase>
  <testcase name="userLoginTestWithcWrongPass" classname="mybank.testcases.DDUserLoginPageTest" time="0.356">
    <failure message="expected [true] but found [false]" type="java.lang.AssertionError">java.lang.AssertionError: expected [true] but found [false]
	at mybank.testcases.DDUserLoginPageTest.userLoginTestWithcWrongPass(DDUserLoginPageTest.java:106)
</failure>
    <system-out><![CDATA[inside falure above ss
inside falure below ss = D:\MyBank-Workspace\mybank\screenshot\Wed-Dec-15-15-10-14-IST-2021.png
Login Failed
ERROR [main] (Utilities.java:67)- Login Failed, invalid credientials or Your account could be blocked 
Admin Login Failed! !!
]]></system-out>
  </testcase>
  <testcase name="userLoginTestSensitive" classname="mybank.testcases.DDUserLoginPageTest" time="0.455">
    <failure message="expected [true] but found [false]" type="java.lang.AssertionError">java.lang.AssertionError: expected [true] but found [false]
	at mybank.testcases.DDUserLoginPageTest.userLoginTestSensitive(DDUserLoginPageTest.java:122)
</failure>
    <system-out><![CDATA[inside falure above ss
inside falure below ss = D:\MyBank-Workspace\mybank\screenshot\Wed-Dec-15-15-10-15-IST-2021.png
Login Failed
ERROR [main] (Utilities.java:67)- Login Failed, invalid credientials or Your account could be blocked 
Admin Login Failed! !!
]]></system-out>
  </testcase>
  <testcase name="userLoginTestSensitive" classname="mybank.testcases.DDUserLoginPageTest" time="0.352">
    <failure message="expected [true] but found [false]" type="java.lang.AssertionError">java.lang.AssertionError: expected [true] but found [false]
	at mybank.testcases.DDUserLoginPageTest.userLoginTestSensitive(DDUserLoginPageTest.java:122)
</failure>
    <system-out><![CDATA[inside falure above ss
inside falure below ss = D:\MyBank-Workspace\mybank\screenshot\Wed-Dec-15-15-10-16-IST-2021.png
Login Failed
ERROR [main] (Utilities.java:67)- Login Failed, invalid credientials or Your account could be blocked 
Admin Login Failed! !!
]]></system-out>
  </testcase>
  <testcase name="personalDetailsTest" classname="mybank.testcases.PersonalDetailsPageTest" time="3.546"/>
  <testcase name="TransactionRecordTest" classname="mybank.testcases.TransactionRecordPageTest" time="3.945">
    <failure message="The following asserts failed:&#10;	expected [true] but found [false],&#10;	expected [true] but found [false],&#10;	expected [true] but found [false],&#10;	expected [true] but found [false],&#10;	expected [true] but found [false],&#10;	expected [true] but found [false]" type="java.lang.AssertionError">java.lang.AssertionError: 
The following asserts failed:
	expected [true] but found [false],
	expected [true] but found [false],
	expected [true] but found [false],
	expected [true] but found [false],
	expected [true] but found [false],
	expected [true] but found [false]
	at mybank.testcases.TransactionRecordPageTest.TransactionRecordTest(TransactionRecordPageTest.java:84)
</failure>
    <system-out><![CDATA[ INFO [main] (PersonalDetailsPageTest.java:85)- All Done!
 INFO [main] (TransactionRecordPageTest.java:38)- before suit log..
 WARN [main] (TransactionRecordPageTest.java:41)- Browser just launched !
Login Failed
ERROR [main] (Utilities.java:67)- Login Failed, invalid credientials or Your account could be blocked 
Login Failed
ERROR [main] (Utilities.java:67)- Login Failed, invalid credientials or Your account could be blocked 
Login Failed
ERROR [main] (Utilities.java:67)- Login Failed, invalid credientials or Your account could be blocked 
Login Failed
ERROR [main] (Utilities.java:67)- Login Failed, invalid credientials or Your account could be blocked 
Login Failed
ERROR [main] (Utilities.java:67)- Login Failed, invalid credientials or Your account could be blocked 
Login Failed
ERROR [main] (Utilities.java:67)- Login Failed, invalid credientials or Your account could be blocked 
Logined
 INFO [main] (Utilities.java:63)- login successful / Test Succssfull
Full name is : Salman khan
page name : Salman khan
 INFO [main] (TransactionRecordPageTest.java:82)- User Credintials Matches with Database !
]]></system-out>
    <system-err><![CDATA[Starting ChromeDriver 96.0.4664.45 (76e4c1bb2ab4671b8beba3444e61c0f17584b2fc-refs/branch-heads/4664@{#947}) on port 56702
Only local connections are allowed.
Please see https://chromedriver.chromium.org/security-considerations for suggestions on keeping ChromeDriver safe.
ChromeDriver was started successfully.
Dec 15, 2021 3:10:31 PM org.openqa.selenium.remote.ProtocolHandshake createSession
INFO: Detected dialect: W3C
Dec 15, 2021 3:10:31 PM org.openqa.selenium.devtools.CdpVersionFinder findNearestMatch
WARNING: Unable to find an exact match for CDP version 96, so returning the closest version found: 95
Dec 15, 2021 3:10:31 PM org.openqa.selenium.devtools.CdpVersionFinder findNearestMatch
INFO: Found CDP implementation for version 96 of 95
]]></system-err>
  </testcase>
  <testcase name="requestAtmPageAvabilityTest" classname="mybank.testcases.WithdrawMoneyPageTest" time="1.325"/>
  <testcase name="Test2" classname="mybank.testcases.WithdrawMoneyPageTest" time="0.261"/>
  <testcase name="Test3" classname="mybank.testcases.WithdrawMoneyPageTest" time="0.252">
    <failure message="expected [true] but found [false]" type="java.lang.AssertionError">java.lang.AssertionError: expected [true] but found [false]
	at mybank.testcases.WithdrawMoneyPageTest.Test3(WithdrawMoneyPageTest.java:176)
</failure>
    <system-out><![CDATA[ERROR [main] (WithdrawMoneyPageTest.java:175)- Has sufficient balance,request sent for withdraw !
]]></system-out>
  </testcase>
  <testcase name="Test4" classname="mybank.testcases.WithdrawMoneyPageTest" time="0.249">
    <failure message="expected [true] but found [false]" type="java.lang.AssertionError">java.lang.AssertionError: expected [true] but found [false]
	at mybank.testcases.WithdrawMoneyPageTest.Test4(WithdrawMoneyPageTest.java:213)
</failure>
    <system-out><![CDATA[inside falure above ss
inside falure below ss = D:\MyBank-Workspace\mybank\screenshot\Wed-Dec-15-15-10-41-IST-2021.png
ERROR [main] (WithdrawMoneyPageTest.java:212)- Error occured while sending withdraw money req !
]]></system-out>
  </testcase>
  <testcase name="Test5" classname="mybank.testcases.WithdrawMoneyPageTest" time="0.231"/>
  <testcase name="LoginTest" classname="mybank.testcases.HomePageTest" time="1.022"/>
  <testcase name="mybankLogoClickTest" classname="mybank.testcases.HomePageTest" time="0.114"/>
  <testcase name="homeClickTest" classname="mybank.testcases.HomePageTest" time="0.103"/>
  <testcase name="featuresClickTest" classname="mybank.testcases.HomePageTest" time="0.183"/>
  <testcase name="aboutFAQsClickTest" classname="mybank.testcases.HomePageTest" time="0.259"/>
  <testcase name="contactUsClickTest" classname="mybank.testcases.HomePageTest" time="0.203"/>
  <testcase name="safetyBankingTipsClickTest" classname="mybank.testcases.HomePageTest" time="0.249"/>
  <testcase name="adminLoginClickTest" classname="mybank.testcases.HomePageTest" time="0.207"/>
  <testcase name="loginClickTest" classname="mybank.testcases.HomePageTest" time="0.188"/>
  <testcase name="signUpClickTest" classname="mybank.testcases.HomePageTest" time="0.202"/>
  <testcase name="contactUsTest" classname="mybank.testcases.HomePageTest" time="0.398">
    <failure message="element not interactable&#10;  (Session info: chrome=96.0.4664.93)&#10;Build info: version: &apos;4.0.0&apos;, revision: &apos;3a21814679&apos;&#10;System info: host: &apos;NGL001340&apos;, ip: &apos;192.168.0.106&apos;, os.name: &apos;Windows 10&apos;, os.arch: &apos;amd64&apos;, os.version: &apos;10.0&apos;, java.version: &apos;1.8.0_92&apos;&#10;Driver info: org.openqa.selenium.chrome.ChromeDriver&#10;Command: [3f6d50f4d80f17e1927284849c78c30b, clickElement {id=80f44ef7-5dc1-49ca-ade6-8d578505a35f}]&#10;Capabilities {acceptInsecureCerts: false, browserName: chrome, browserVersion: 96.0.4664.93, chrome: {chromedriverVersion: 96.0.4664.45 (76e4c1bb2ab46..., userDataDir: C:\Users\YASH_S~1\AppData\L...}, goog:chromeOptions: {debuggerAddress: localhost:51978}, javascriptEnabled: true, networkConnectionEnabled: false, pageLoadStrategy: normal, platform: WINDOWS, platformName: WINDOWS, proxy: Proxy(), se:cdp: ws://localhost:51978/devtoo..., se:cdpVersion: 96.0.4664.93, setWindowRect: true, strictFileInteractability: false, timeouts: {implicit: 0, pageLoad: 300000, script: 30000}, unhandledPromptBehavior: dismiss and notify, webauthn:extension:credBlob: true, webauthn:extension:largeBlob: true, webauthn:virtualAuthenticators: true}&#10;Element: [[ChromeDriver: chrome on WINDOWS (3f6d50f4d80f17e1927284849c78c30b)] -&gt; css selector: .col-sm-4:nth-child(1) &gt; h3]&#10;Session ID: 3f6d50f4d80f17e1927284849c78c30b" type="org.openqa.selenium.ElementNotInteractableException">org.openqa.selenium.ElementNotInteractableException: 
element not interactable
  (Session info: chrome=96.0.4664.93)
Build info: version: '4.0.0', revision: '3a21814679'
System info: host: 'NGL001340', ip: '192.168.0.106', os.name: 'Windows 10', os.arch: 'amd64', os.version: '10.0', java.version: '1.8.0_92'
Driver info: org.openqa.selenium.chrome.ChromeDriver
Command: [3f6d50f4d80f17e1927284849c78c30b, clickElement {id=80f44ef7-5dc1-49ca-ade6-8d578505a35f}]
Capabilities {acceptInsecureCerts: false, browserName: chrome, browserVersion: 96.0.4664.93, chrome: {chromedriverVersion: 96.0.4664.45 (76e4c1bb2ab46..., userDataDir: C:\Users\YASH_S~1\AppData\L...}, goog:chromeOptions: {debuggerAddress: localhost:51978}, javascriptEnabled: true, networkConnectionEnabled: false, pageLoadStrategy: normal, platform: WINDOWS, platformName: WINDOWS, proxy: Proxy(), se:cdp: ws://localhost:51978/devtoo..., se:cdpVersion: 96.0.4664.93, setWindowRect: true, strictFileInteractability: false, timeouts: {implicit: 0, pageLoad: 300000, script: 30000}, unhandledPromptBehavior: dismiss and notify, webauthn:extension:credBlob: true, webauthn:extension:largeBlob: true, webauthn:virtualAuthenticators: true}
Element: [[ChromeDriver: chrome on WINDOWS (3f6d50f4d80f17e1927284849c78c30b)] -> css selector: .col-sm-4:nth-child(1) > h3]
Session ID: 3f6d50f4d80f17e1927284849c78c30b
	at mybank.testcases.HomePageTest.contactUsTest(HomePageTest.java:299)
</failure>
  </testcase>
  <testcase name="redirectSafetyTips" classname="mybank.testcases.HomePageTest" time="0.28"/>
  <testcase name="redirectFacebook" classname="mybank.testcases.HomePageTest" time="1.966"/>
  <testcase name="redirectTwitter" classname="mybank.testcases.HomePageTest" time="5.439"/>
  <testcase name="redirectYoutube" classname="mybank.testcases.HomePageTest" time="7.687"/>
  <testcase name="redirectGoogle" classname="mybank.testcases.HomePageTest" time="1.906"/>
  <testcase name="redirectInstagram" classname="mybank.testcases.HomePageTest" time="4.185"/>
  <testcase name="redirectLinkedIn" classname="mybank.testcases.HomePageTest" time="2.387"/>
  <testcase name="EnterData" classname="mybank.testcases.SignUpPageTest" time="3.853"/>
  <testcase name="SignUpWithInvalidEmailId" classname="mybank.testcases.SignUpPageValidationTest" time="2.817"/>
  <testcase name="signWithInvalidAccNumber" classname="mybank.testcases.SignUpPageValidationTest" time="0.369"/>
</testsuite>