<?xml version="1.0" encoding="UTF-8"?>
<!-- Generated by org.testng.reporters.JUnitReportReporter -->
<testsuite skipped="0" hostname="NGL001340" name="mybank.testcases.AdminRegisteredUsersPageTest" tests="1" failures="0" timestamp="15 Dec 2021 09:25:57 GMT" time="1.541" errors="0">
  <testcase name="registeredUserPageAvabilityTest" time="1.541" classname="mybank.testcases.AdminRegisteredUsersPageTest"/>
</testsuite> <!-- mybank.testcases.AdminRegisteredUsersPageTest -->
