<?xml version="1.0" encoding="UTF-8"?>
<!-- Generated by org.testng.reporters.JUnitReportReporter -->
<testsuite skipped="0" hostname="NGL001340" name="mybank.testcases.Temp2" tests="1" failures="0" timestamp="09 Dec 2021 10:32:51 GMT" time="9.109" errors="0">
  <testcase name="TempTest2" time="9.109" classname="mybank.testcases.Temp2"/>
</testsuite> <!-- mybank.testcases.Temp2 -->
