<?xml version="1.0" encoding="UTF-8"?>
<!-- Generated by org.testng.reporters.JUnitReportReporter -->
<testsuite skipped="0" hostname="NGL001340" name="mybank.testcases.AddBeneficiaryPageTest" tests="2" failures="0" timestamp="17 Dec 2021 12:35:13 GMT" time="4.282" errors="0">
  <testcase name="addBeneficiaryTest" time="3.613" classname="mybank.testcases.AddBeneficiaryPageTest"/>
  <testcase name="invalidCredentialsTest" time="0.669" classname="mybank.testcases.AddBeneficiaryPageTest"/>
</testsuite> <!-- mybank.testcases.AddBeneficiaryPageTest -->
