<?xml version="1.0" encoding="UTF-8"?>
<!-- Generated by org.testng.reporters.JUnitReportReporter -->
<testsuite skipped="0" hostname="NGL001340" name="mybank.testcases.SignUpPageTest" tests="1" failures="0" timestamp="15 Dec 2021 10:52:30 GMT" time="4.446" errors="0">
  <testcase name="EnterData" time="4.446" classname="mybank.testcases.SignUpPageTest"/>
</testsuite> <!-- mybank.testcases.SignUpPageTest -->
