<?xml version="1.0" encoding="UTF-8"?>
<!-- Generated by org.testng.reporters.JUnitReportReporter -->
<testsuite skipped="0" hostname="NGL001340" name="mybank.testcases.ApproveMoneyToUserAccountPageTest" tests="1" failures="0" timestamp="17 Dec 2021 12:35:13 GMT" time="1.245" errors="0">
  <testcase name="approveMoneyToUserAccountPageAvabilityTest" time="1.245" classname="mybank.testcases.ApproveMoneyToUserAccountPageTest"/>
</testsuite> <!-- mybank.testcases.ApproveMoneyToUserAccountPageTest -->
