<?xml version="1.0" encoding="UTF-8"?>
<!-- Generated by org.testng.reporters.JUnitReportReporter -->
<testsuite skipped="0" hostname="NGL001340" name="mybank.utility.Utilities" tests="1" failures="0" timestamp="02 Dec 2021 14:11:25 GMT" time="0.015" errors="0">
  <testcase name="loginTest" time="0.015" classname="mybank.utility.Utilities"/>
</testsuite> <!-- mybank.utility.Utilities -->
