<?xml version="1.0" encoding="UTF-8"?>
<!-- Generated by org.testng.reporters.JUnitReportReporter -->
<testsuite skipped="0" hostname="NGL001340" name="mybank.testcases.SignUpPageValidationTest" tests="2" failures="0" timestamp="15 Dec 2021 10:14:32 GMT" time="3.481" errors="0">
  <testcase name="SignUpWithInvalidEmailId" time="2.764" classname="mybank.testcases.SignUpPageValidationTest"/>
  <testcase name="signWithInvalidAccNumber" time="0.717" classname="mybank.testcases.SignUpPageValidationTest"/>
</testsuite> <!-- mybank.testcases.SignUpPageValidationTest -->
