<?xml version="1.0" encoding="UTF-8"?>
<!-- Generated by org.testng.reporters.JUnitReportReporter -->
<testsuite skipped="0" hostname="NGL001340" name="mybank.testcases.LoginPageTest" tests="1" failures="0" timestamp="06 Dec 2021 06:48:35 GMT" time="1.235" errors="0">
  <testcase name="LoginTest" time="1.235" classname="mybank.testcases.LoginPageTest"/>
</testsuite> <!-- mybank.testcases.LoginPageTest -->
