<?xml version="1.0" encoding="UTF-8"?>
<!-- Generated by org.testng.reporters.JUnitReportReporter -->
<testsuite skipped="0" hostname="NGL001340" name="mybank.testcases.temp" tests="1" failures="0" timestamp="14 Dec 2021 17:06:22 GMT" time="0.034" errors="0">
  <testcase name="fun" time="0.034" classname="mybank.testcases.temp"/>
</testsuite> <!-- mybank.testcases.temp -->
