<?xml version="1.0" encoding="UTF-8"?>
<!-- Generated by org.testng.reporters.JUnitReportReporter -->
<testsuite skipped="0" hostname="NGL001340" name="mybank.testcases.UserLoginPageTest" tests="1" failures="0" timestamp="16 Dec 2021 11:20:27 GMT" time="0.881" errors="0">
  <testcase name="LoginTest" time="0.881" classname="mybank.testcases.UserLoginPageTest"/>
</testsuite> <!-- mybank.testcases.UserLoginPageTest -->
