<?xml version="1.0" encoding="UTF-8"?>
<!-- Generated by org.testng.reporters.JUnitReportReporter -->
<testsuite skipped="0" hostname="NGL001340" name="mybank.testcases.AddMoneyPageTest" tests="4" failures="0" timestamp="17 Dec 2021 12:35:13 GMT" time="2.635" errors="0">
  <testcase name="addMoneyPageAvabilityTest" time="1.415" classname="mybank.testcases.AddMoneyPageTest"/>
  <testcase name="test2" time="0.472" classname="mybank.testcases.AddMoneyPageTest"/>
  <testcase name="test3" time="0.383" classname="mybank.testcases.AddMoneyPageTest"/>
  <testcase name="test4" time="0.365" classname="mybank.testcases.AddMoneyPageTest"/>
</testsuite> <!-- mybank.testcases.AddMoneyPageTest -->
