<?xml version="1.0" encoding="UTF-8"?>
<!-- Generated by org.testng.reporters.JUnitReportReporter -->
<testsuite skipped="0" hostname="NGL001340" name="mybank.testcases.PersonalDetailsPageTest" tests="1" failures="0" timestamp="14 Dec 2021 17:46:05 GMT" time="4.913" errors="0">
  <testcase name="personalDetailsTest" time="4.913" classname="mybank.testcases.PersonalDetailsPageTest"/>
</testsuite> <!-- mybank.testcases.PersonalDetailsPageTest -->
