<?xml version="1.0" encoding="UTF-8"?>
<!-- Generated by org.testng.reporters.JUnitReportReporter -->
<testsuite skipped="0" hostname="NGL001340" name="mybank.testcases.AddBeneficiaryPageTest" tests="2" failures="0" timestamp="15 Dec 2021 11:02:12 GMT" time="11.607" errors="0">
  <testcase name="addBeneficiaryTest" time="10.458" classname="mybank.testcases.AddBeneficiaryPageTest"/>
  <testcase name="invalidCredentialsTest" time="1.149" classname="mybank.testcases.AddBeneficiaryPageTest"/>
</testsuite> <!-- mybank.testcases.AddBeneficiaryPageTest -->
