<?xml version="1.0" encoding="UTF-8"?>
<!-- Generated by org.testng.reporters.JUnitReportReporter -->
<testsuite skipped="0" hostname="NGL001340" name="mybank.testcases.ApproveWithdrawalOfMoneyPageTest" tests="1" failures="0" timestamp="15 Dec 2021 09:25:57 GMT" time="1.127" errors="0">
  <testcase name="approveWithdrawalOfMoneyPageAvabilityTest" time="1.127" classname="mybank.testcases.ApproveWithdrawalOfMoneyPageTest"/>
</testsuite> <!-- mybank.testcases.ApproveWithdrawalOfMoneyPageTest -->
