<?xml version="1.0" encoding="UTF-8"?>
<!-- Generated by org.testng.reporters.JUnitReportReporter -->
<testsuite skipped="0" hostname="NGL001340" name="mybank.pages.HomePage" tests="1" failures="0" timestamp="03 Dec 2021 11:45:12 GMT" time="3.090" errors="0">
  <testcase name="test1" time="3.090" classname="mybank.pages.HomePage"/>
</testsuite> <!-- mybank.pages.HomePage -->
