<?xml version="1.0" encoding="UTF-8"?>
<!-- Generated by org.testng.reporters.JUnitReportReporter -->
<testsuite skipped="0" hostname="NGL001340" name="mybank.testcases.RequestAtmPageTest" tests="1" failures="0" timestamp="15 Dec 2021 10:20:34 GMT" time="1.420" errors="0">
  <testcase name="requestAtmPageAvabilityTest" time="1.420" classname="mybank.testcases.RequestAtmPageTest"/>
</testsuite> <!-- mybank.testcases.RequestAtmPageTest -->
