<?xml version="1.0" encoding="UTF-8"?>
<!-- Generated by org.testng.reporters.JUnitReportReporter -->
<testsuite skipped="0" hostname="NGL001340" name="mybank.testcases.AdminPageDDTest" tests="1" failures="0" timestamp="17 Dec 2021 12:35:13 GMT" time="0.935" errors="0">
  <testcase name="adminLoginTest" time="0.935" classname="mybank.testcases.AdminPageDDTest"/>
</testsuite> <!-- mybank.testcases.AdminPageDDTest -->
