<?xml version="1.0" encoding="UTF-8"?>
<!-- Generated by org.testng.reporters.JUnitReportReporter -->
<testsuite skipped="0" hostname="NGL001340" name="mybank.testcases.UserLoginPageTest" tests="1" failures="0" timestamp="14 Dec 2021 17:46:05 GMT" time="1.326" errors="0">
  <testcase name="LoginTest" time="1.326" classname="mybank.testcases.UserLoginPageTest"/>
</testsuite> <!-- mybank.testcases.UserLoginPageTest -->
