<?xml version="1.0" encoding="UTF-8"?>
<!-- Generated by org.testng.reporters.JUnitReportReporter -->
<testsuite skipped="0" hostname="NGL001340" name="mybank.testcases.SignUpPageTest" tests="1" failures="0" timestamp="17 Dec 2021 12:35:13 GMT" time="5.660" errors="0">
  <testcase name="EnterData" time="5.660" classname="mybank.testcases.SignUpPageTest"/>
</testsuite> <!-- mybank.testcases.SignUpPageTest -->
