<?xml version="1.0" encoding="UTF-8"?>
<!-- Generated by org.testng.reporters.JUnitReportReporter -->
<testsuite skipped="0" hostname="NGL001340" name="mybank.testcases.HomePageTest" tests="18" failures="0" timestamp="17 Dec 2021 12:35:13 GMT" time="23.043" errors="0">
  <testcase name="LoginTest" time="1.338" classname="mybank.testcases.HomePageTest"/>
  <testcase name="mybankLogoClickTest" time="0.115" classname="mybank.testcases.HomePageTest"/>
  <testcase name="homeClickTest" time="0.128" classname="mybank.testcases.HomePageTest"/>
  <testcase name="featuresClickTest" time="0.151" classname="mybank.testcases.HomePageTest"/>
  <testcase name="aboutFAQsClickTest" time="0.219" classname="mybank.testcases.HomePageTest"/>
  <testcase name="contactUsClickTest" time="0.209" classname="mybank.testcases.HomePageTest"/>
  <testcase name="safetyBankingTipsClickTest" time="0.237" classname="mybank.testcases.HomePageTest"/>
  <testcase name="adminLoginClickTest" time="0.222" classname="mybank.testcases.HomePageTest"/>
  <testcase name="loginClickTest" time="0.184" classname="mybank.testcases.HomePageTest"/>
  <testcase name="signUpClickTest" time="0.273" classname="mybank.testcases.HomePageTest"/>
  <testcase name="contactUsTest" time="0.479" classname="mybank.testcases.HomePageTest"/>
  <testcase name="redirectSafetyTips" time="0.253" classname="mybank.testcases.HomePageTest"/>
  <testcase name="redirectFacebook" time="1.374" classname="mybank.testcases.HomePageTest"/>
  <testcase name="redirectTwitter" time="5.235" classname="mybank.testcases.HomePageTest"/>
  <testcase name="redirectYoutube" time="4.778" classname="mybank.testcases.HomePageTest"/>
  <testcase name="redirectGoogle" time="1.550" classname="mybank.testcases.HomePageTest"/>
  <testcase name="redirectInstagram" time="4.200" classname="mybank.testcases.HomePageTest"/>
  <testcase name="redirectLinkedIn" time="2.098" classname="mybank.testcases.HomePageTest"/>
</testsuite> <!-- mybank.testcases.HomePageTest -->
