<?xml version="1.0" encoding="UTF-8"?>
<!-- Generated by org.testng.reporters.JUnitReportReporter -->
<testsuite skipped="0" hostname="NGL001340" name="mybank.testcases.HomePageTest" tests="18" failures="0" timestamp="17 Dec 2021 11:25:33 GMT" time="25.197" errors="0">
  <testcase name="LoginTest" time="1.390" classname="mybank.testcases.HomePageTest"/>
  <testcase name="mybankLogoClickTest" time="0.115" classname="mybank.testcases.HomePageTest"/>
  <testcase name="homeClickTest" time="0.110" classname="mybank.testcases.HomePageTest"/>
  <testcase name="featuresClickTest" time="0.194" classname="mybank.testcases.HomePageTest"/>
  <testcase name="aboutFAQsClickTest" time="0.344" classname="mybank.testcases.HomePageTest"/>
  <testcase name="contactUsClickTest" time="0.274" classname="mybank.testcases.HomePageTest"/>
  <testcase name="safetyBankingTipsClickTest" time="0.281" classname="mybank.testcases.HomePageTest"/>
  <testcase name="adminLoginClickTest" time="0.227" classname="mybank.testcases.HomePageTest"/>
  <testcase name="loginClickTest" time="0.239" classname="mybank.testcases.HomePageTest"/>
  <testcase name="signUpClickTest" time="0.338" classname="mybank.testcases.HomePageTest"/>
  <testcase name="contactUsTest" time="0.451" classname="mybank.testcases.HomePageTest"/>
  <testcase name="redirectSafetyTips" time="0.242" classname="mybank.testcases.HomePageTest"/>
  <testcase name="redirectFacebook" time="1.649" classname="mybank.testcases.HomePageTest"/>
  <testcase name="redirectTwitter" time="2.997" classname="mybank.testcases.HomePageTest"/>
  <testcase name="redirectYoutube" time="6.565" classname="mybank.testcases.HomePageTest"/>
  <testcase name="redirectGoogle" time="1.615" classname="mybank.testcases.HomePageTest"/>
  <testcase name="redirectInstagram" time="4.324" classname="mybank.testcases.HomePageTest"/>
  <testcase name="redirectLinkedIn" time="3.842" classname="mybank.testcases.HomePageTest"/>
</testsuite> <!-- mybank.testcases.HomePageTest -->
