<?xml version="1.0" encoding="UTF-8"?>
<!-- Generated by org.testng.reporters.JUnitReportReporter -->
<testsuite skipped="0" hostname="NGL001340" name="mybank.testcases.RequestAtmPageTest" tests="1" failures="0" timestamp="15 Dec 2021 09:41:33 GMT" time="1.308" errors="0">
  <testcase name="requestAtmPageAvabilityTest" time="1.308" classname="mybank.testcases.RequestAtmPageTest"/>
</testsuite> <!-- mybank.testcases.RequestAtmPageTest -->
