<?xml version="1.0" encoding="UTF-8"?>
<!-- Generated by org.testng.reporters.JUnitReportReporter -->
<testsuite skipped="0" hostname="NGL001340" name="mybank.testcases.AddMoneyPageTest" tests="4" failures="0" timestamp="15 Dec 2021 09:41:33 GMT" time="2.172" errors="0">
  <testcase name="addMoneyPageAvabilityTest" time="1.401" classname="mybank.testcases.AddMoneyPageTest"/>
  <testcase name="test2" time="0.309" classname="mybank.testcases.AddMoneyPageTest"/>
  <testcase name="test3" time="0.243" classname="mybank.testcases.AddMoneyPageTest"/>
  <testcase name="test4" time="0.219" classname="mybank.testcases.AddMoneyPageTest"/>
</testsuite> <!-- mybank.testcases.AddMoneyPageTest -->
