<?xml version="1.0" encoding="UTF-8"?>
<!-- Generated by org.testng.reporters.JUnitReportReporter -->
<testsuite skipped="0" hostname="NGL001340" name="mybank.testcases.PersonalDetailsPageTest" tests="1" failures="0" timestamp="15 Dec 2021 09:41:33 GMT" time="3.546" errors="0">
  <testcase name="personalDetailsTest" time="3.546" classname="mybank.testcases.PersonalDetailsPageTest"/>
</testsuite> <!-- mybank.testcases.PersonalDetailsPageTest -->
