<?xml version="1.0" encoding="UTF-8"?>
<!-- Generated by org.testng.reporters.JUnitReportReporter -->
<testsuite skipped="0" hostname="NGL001340" name="mybank.testcases.SignUpPageTest" tests="1" failures="0" timestamp="17 Dec 2021 11:25:33 GMT" time="6.530" errors="0">
  <testcase name="EnterData" time="6.530" classname="mybank.testcases.SignUpPageTest"/>
</testsuite> <!-- mybank.testcases.SignUpPageTest -->
