<?xml version="1.0" encoding="UTF-8"?>
<!-- Generated by org.testng.reporters.JUnitReportReporter -->
<testsuite skipped="0" hostname="NGL001340" name="mybank.testcases.AddBeneficiaryPageTest" tests="2" failures="0" timestamp="17 Dec 2021 11:25:33 GMT" time="4.830" errors="0">
  <testcase name="addBeneficiaryTest" time="4.136" classname="mybank.testcases.AddBeneficiaryPageTest"/>
  <testcase name="invalidCredentialsTest" time="0.694" classname="mybank.testcases.AddBeneficiaryPageTest"/>
</testsuite> <!-- mybank.testcases.AddBeneficiaryPageTest -->
